2020-Feb-13 22:01:32 PM [Thread-4] INFO  ESPoTLogger - Error at GenericGrouper doCommontInit 5 while dealing with : null
2020-Feb-13 22:02:02 PM [main] INFO  ESPoTLogger -  setLaterUpdateElements. uptd Tm: 20170923030716
2020-Feb-13 22:02:02 PM [main] INFO  ESPoTLogger -  current tm: Thu Jul 25 03:07:16 GMT+05:30 2019
2020-Feb-13 22:02:02 PM [main] INFO  ESPoTLogger -  source location: Templates\DefaultDocTestDownload.docx
2020-Feb-13 22:02:02 PM [main] INFO  ESPoTLogger -  setLaterUpdateElements. uptd Tm: 20170923030717
2020-Feb-13 22:02:02 PM [main] INFO  ESPoTLogger -  current tm: Thu Jul 25 03:07:16 GMT+05:30 2019
2020-Feb-13 22:02:02 PM [main] INFO  ESPoTLogger -  source location: Config\dynamicJars\TestDownload.jar
2020-Feb-13 22:02:02 PM [main] INFO  ESPoTLogger -  setLaterUpdateElements. uptd Tm: 20180206010120
2020-Feb-13 22:02:02 PM [main] INFO  ESPoTLogger -  current tm: Thu Jul 25 03:07:16 GMT+05:30 2019
2020-Feb-13 22:02:02 PM [main] INFO  ESPoTLogger -  source location: SQLiteDB\SysDBDownloadFolder\sysdbfile
2020-Feb-13 22:02:02 PM [main] INFO  ESPoTLogger -  setLaterUpdateElements. uptd Tm: 20180207010119
2020-Feb-13 22:02:02 PM [main] INFO  ESPoTLogger -  current tm: Thu Jul 25 03:07:16 GMT+05:30 2019
2020-Feb-13 22:02:02 PM [main] INFO  ESPoTLogger -  source location: Templates\DeckerGrouperTemplate.zip
2020-Feb-13 22:02:02 PM [main] INFO  ESPoTLogger - ESPoTClientOrchestrator starting up - logging set to info
2020-Feb-13 22:02:02 PM [main] INFO  ESPoTLogger - ESPoTClientOrchestrator started2 - logging set to info
2020-Feb-13 22:02:05 PM [Thread-3] WARN  ESPoTLogger - AllTimeEntryOptionsRecs allocatedTasksAll size is 2
2020-Feb-13 22:02:05 PM [Thread-3] WARN  ESPoTLogger - getAllTimeEntryOptionsRecs timeShRollupAll size is 2
2020-Feb-13 22:02:05 PM [Thread-3] INFO  ESPoTLogger - Error at GenericGrouper doCommontInit 5 while dealing with : null
2020-Feb-13 22:10:28 PM [main] INFO  ESPoTLogger -  setLaterUpdateElements. uptd Tm: 20170923030716
2020-Feb-13 22:10:28 PM [main] INFO  ESPoTLogger -  current tm: Thu Jul 25 03:07:16 GMT+05:30 2019
2020-Feb-13 22:10:28 PM [main] INFO  ESPoTLogger -  source location: Templates\DefaultDocTestDownload.docx
2020-Feb-13 22:10:28 PM [main] INFO  ESPoTLogger -  setLaterUpdateElements. uptd Tm: 20170923030717
2020-Feb-13 22:10:28 PM [main] INFO  ESPoTLogger -  current tm: Thu Jul 25 03:07:16 GMT+05:30 2019
2020-Feb-13 22:10:28 PM [main] INFO  ESPoTLogger -  source location: Config\dynamicJars\TestDownload.jar
2020-Feb-13 22:10:28 PM [main] INFO  ESPoTLogger -  setLaterUpdateElements. uptd Tm: 20180206010120
2020-Feb-13 22:10:28 PM [main] INFO  ESPoTLogger -  current tm: Thu Jul 25 03:07:16 GMT+05:30 2019
2020-Feb-13 22:10:28 PM [main] INFO  ESPoTLogger -  source location: SQLiteDB\SysDBDownloadFolder\sysdbfile
2020-Feb-13 22:10:28 PM [main] INFO  ESPoTLogger -  setLaterUpdateElements. uptd Tm: 20180207010119
2020-Feb-13 22:10:28 PM [main] INFO  ESPoTLogger -  current tm: Thu Jul 25 03:07:16 GMT+05:30 2019
2020-Feb-13 22:10:28 PM [main] INFO  ESPoTLogger -  source location: Templates\DeckerGrouperTemplate.zip
2020-Feb-13 22:10:28 PM [main] INFO  ESPoTLogger - ESPoTClientOrchestrator starting up - logging set to info
2020-Feb-13 22:10:28 PM [main] INFO  ESPoTLogger - ESPoTClientOrchestrator started2 - logging set to info
2020-Feb-13 22:10:31 PM [Thread-3] WARN  ESPoTLogger - AllTimeEntryOptionsRecs allocatedTasksAll size is 2
2020-Feb-13 22:10:31 PM [Thread-3] WARN  ESPoTLogger - getAllTimeEntryOptionsRecs timeShRollupAll size is 2
2020-Feb-13 22:10:31 PM [Thread-3] INFO  ESPoTLogger - Error at GenericGrouper doCommontInit 5 while dealing with : null
2020-Feb-13 23:38:34 PM [main] INFO  ESPoTLogger -  setLaterUpdateElements. uptd Tm: 20170923030716
2020-Feb-13 23:38:34 PM [main] INFO  ESPoTLogger -  current tm: Thu Jul 25 03:07:16 GMT+05:30 2019
2020-Feb-13 23:38:34 PM [main] INFO  ESPoTLogger -  source location: Templates\DefaultDocTestDownload.docx
2020-Feb-13 23:38:34 PM [main] INFO  ESPoTLogger -  setLaterUpdateElements. uptd Tm: 20170923030717
2020-Feb-13 23:38:34 PM [main] INFO  ESPoTLogger -  current tm: Thu Jul 25 03:07:16 GMT+05:30 2019
2020-Feb-13 23:38:34 PM [main] INFO  ESPoTLogger -  source location: Config\dynamicJars\TestDownload.jar
2020-Feb-13 23:38:34 PM [main] INFO  ESPoTLogger -  setLaterUpdateElements. uptd Tm: 20180206010120
2020-Feb-13 23:38:34 PM [main] INFO  ESPoTLogger -  current tm: Thu Jul 25 03:07:16 GMT+05:30 2019
2020-Feb-13 23:38:34 PM [main] INFO  ESPoTLogger -  source location: SQLiteDB\SysDBDownloadFolder\sysdbfile
2020-Feb-13 23:38:34 PM [main] INFO  ESPoTLogger -  setLaterUpdateElements. uptd Tm: 20180207010119
2020-Feb-13 23:38:34 PM [main] INFO  ESPoTLogger -  current tm: Thu Jul 25 03:07:16 GMT+05:30 2019
2020-Feb-13 23:38:34 PM [main] INFO  ESPoTLogger -  source location: Templates\DeckerGrouperTemplate.zip
2020-Feb-13 23:38:34 PM [main] INFO  ESPoTLogger - ESPoTClientOrchestrator starting up - logging set to info
2020-Feb-13 23:38:34 PM [main] INFO  ESPoTLogger - ESPoTClientOrchestrator started2 - logging set to info
2020-Feb-13 23:38:37 PM [Thread-3] WARN  ESPoTLogger - AllTimeEntryOptionsRecs allocatedTasksAll size is 2
2020-Feb-13 23:38:37 PM [Thread-3] WARN  ESPoTLogger - getAllTimeEntryOptionsRecs timeShRollupAll size is 2
2020-Feb-13 23:38:37 PM [Thread-3] INFO  ESPoTLogger - Error at GenericGrouper doCommontInit 5 while dealing with : null
2020-Feb-13 23:41:22 PM [main] INFO  ESPoTLogger -  setLaterUpdateElements. uptd Tm: 20170923030716
2020-Feb-13 23:41:22 PM [main] INFO  ESPoTLogger -  current tm: Thu Jul 25 03:07:16 GMT+05:30 2019
2020-Feb-13 23:41:22 PM [main] INFO  ESPoTLogger -  source location: Templates\DefaultDocTestDownload.docx
2020-Feb-13 23:41:22 PM [main] INFO  ESPoTLogger -  setLaterUpdateElements. uptd Tm: 20170923030717
2020-Feb-13 23:41:22 PM [main] INFO  ESPoTLogger -  current tm: Thu Jul 25 03:07:16 GMT+05:30 2019
2020-Feb-13 23:41:22 PM [main] INFO  ESPoTLogger -  source location: Config\dynamicJars\TestDownload.jar
2020-Feb-13 23:41:22 PM [main] INFO  ESPoTLogger -  setLaterUpdateElements. uptd Tm: 20180206010120
2020-Feb-13 23:41:22 PM [main] INFO  ESPoTLogger -  current tm: Thu Jul 25 03:07:16 GMT+05:30 2019
2020-Feb-13 23:41:22 PM [main] INFO  ESPoTLogger -  source location: SQLiteDB\SysDBDownloadFolder\sysdbfile
2020-Feb-13 23:41:22 PM [main] INFO  ESPoTLogger -  setLaterUpdateElements. uptd Tm: 20180207010119
2020-Feb-13 23:41:22 PM [main] INFO  ESPoTLogger -  current tm: Thu Jul 25 03:07:16 GMT+05:30 2019
2020-Feb-13 23:41:22 PM [main] INFO  ESPoTLogger -  source location: Templates\DeckerGrouperTemplate.zip
2020-Feb-13 23:41:22 PM [main] INFO  ESPoTLogger - ESPoTClientOrchestrator starting up - logging set to info
2020-Feb-13 23:41:22 PM [main] INFO  ESPoTLogger - ESPoTClientOrchestrator started2 - logging set to info
2020-Feb-13 23:41:25 PM [Thread-3] WARN  ESPoTLogger - AllTimeEntryOptionsRecs allocatedTasksAll size is 2
2020-Feb-13 23:41:25 PM [Thread-3] WARN  ESPoTLogger - getAllTimeEntryOptionsRecs timeShRollupAll size is 2
2020-Feb-13 23:42:38 PM [main] INFO  ESPoTLogger - ESPoTServerOrchestrator starting up - logging set to info
2020-Feb-13 23:42:38 PM [main] INFO  ESPoTLogger -  setLaterUpdateElements. uptd Tm: 20170923030716
2020-Feb-13 23:42:38 PM [main] INFO  ESPoTLogger -  current tm: Thu Jul 25 03:07:16 GMT+05:30 2019
2020-Feb-13 23:42:38 PM [main] INFO  ESPoTLogger -  source location: Templates\DefaultDocTestDownload.docx
2020-Feb-13 23:42:38 PM [main] INFO  ESPoTLogger -  setLaterUpdateElements. uptd Tm: 20170923030717
2020-Feb-13 23:42:38 PM [main] INFO  ESPoTLogger -  current tm: Thu Jul 25 03:07:16 GMT+05:30 2019
2020-Feb-13 23:42:38 PM [main] INFO  ESPoTLogger -  source location: Config\dynamicJars\TestDownload.jar
2020-Feb-13 23:42:38 PM [main] INFO  ESPoTLogger -  setLaterUpdateElements. uptd Tm: 20180206010120
2020-Feb-13 23:42:38 PM [main] INFO  ESPoTLogger -  current tm: Thu Jul 25 03:07:16 GMT+05:30 2019
2020-Feb-13 23:42:38 PM [main] INFO  ESPoTLogger -  source location: SQLiteDB\SysDBDownloadFolder\sysdbfile
2020-Feb-13 23:42:38 PM [main] INFO  ESPoTLogger -  setLaterUpdateElements. uptd Tm: 20180207010119
2020-Feb-13 23:42:38 PM [main] INFO  ESPoTLogger -  current tm: Thu Jul 25 03:07:16 GMT+05:30 2019
2020-Feb-13 23:42:38 PM [main] INFO  ESPoTLogger -  source location: Templates\DeckerGrouperTemplate.zip
2020-Feb-13 23:42:38 PM [main] INFO  ESPoTLogger - ESPoTServerOrchestrator started2 - logging set to info
2020-Feb-13 23:50:02 PM [main] INFO  ESPoTLogger - ESPoTServerOrchestrator starting up - logging set to info
2020-Feb-13 23:50:02 PM [main] INFO  ESPoTLogger -  setLaterUpdateElements. uptd Tm: 20170923030716
2020-Feb-13 23:50:02 PM [main] INFO  ESPoTLogger -  current tm: Thu Jul 25 03:07:16 GMT+05:30 2019
2020-Feb-13 23:50:02 PM [main] INFO  ESPoTLogger -  source location: Templates\DefaultDocTestDownload.docx
2020-Feb-13 23:50:02 PM [main] INFO  ESPoTLogger -  setLaterUpdateElements. uptd Tm: 20170923030717
2020-Feb-13 23:50:02 PM [main] INFO  ESPoTLogger -  current tm: Thu Jul 25 03:07:16 GMT+05:30 2019
2020-Feb-13 23:50:02 PM [main] INFO  ESPoTLogger -  source location: Config\dynamicJars\TestDownload.jar
2020-Feb-13 23:50:02 PM [main] INFO  ESPoTLogger -  setLaterUpdateElements. uptd Tm: 20180206010120
2020-Feb-13 23:50:02 PM [main] INFO  ESPoTLogger -  current tm: Thu Jul 25 03:07:16 GMT+05:30 2019
2020-Feb-13 23:50:02 PM [main] INFO  ESPoTLogger -  source location: SQLiteDB\SysDBDownloadFolder\sysdbfile
2020-Feb-13 23:50:02 PM [main] INFO  ESPoTLogger -  setLaterUpdateElements. uptd Tm: 20180207010119
2020-Feb-13 23:50:02 PM [main] INFO  ESPoTLogger -  current tm: Thu Jul 25 03:07:16 GMT+05:30 2019
2020-Feb-13 23:50:02 PM [main] INFO  ESPoTLogger -  source location: Templates\DeckerGrouperTemplate.zip
2020-Feb-13 23:50:02 PM [main] INFO  ESPoTLogger - ESPoTServerOrchestrator started2 - logging set to info
2020-Feb-13 23:50:57 PM [main] INFO  ESPoTLogger - ESPoTServerOrchestrator starting up - logging set to info
2020-Feb-13 23:50:57 PM [main] INFO  ESPoTLogger -  setLaterUpdateElements. uptd Tm: 20170923030716
2020-Feb-13 23:50:57 PM [main] INFO  ESPoTLogger -  current tm: Thu Jul 25 03:07:16 GMT+05:30 2019
2020-Feb-13 23:50:57 PM [main] INFO  ESPoTLogger -  source location: Templates\DefaultDocTestDownload.docx
2020-Feb-13 23:50:57 PM [main] INFO  ESPoTLogger -  setLaterUpdateElements. uptd Tm: 20170923030717
2020-Feb-13 23:50:57 PM [main] INFO  ESPoTLogger -  current tm: Thu Jul 25 03:07:16 GMT+05:30 2019
2020-Feb-13 23:50:57 PM [main] INFO  ESPoTLogger -  source location: Config\dynamicJars\TestDownload.jar
2020-Feb-13 23:50:57 PM [main] INFO  ESPoTLogger -  setLaterUpdateElements. uptd Tm: 20180206010120
2020-Feb-13 23:50:57 PM [main] INFO  ESPoTLogger -  current tm: Thu Jul 25 03:07:16 GMT+05:30 2019
2020-Feb-13 23:50:57 PM [main] INFO  ESPoTLogger -  source location: SQLiteDB\SysDBDownloadFolder\sysdbfile
2020-Feb-13 23:50:57 PM [main] INFO  ESPoTLogger -  setLaterUpdateElements. uptd Tm: 20180207010119
2020-Feb-13 23:50:57 PM [main] INFO  ESPoTLogger -  current tm: Thu Jul 25 03:07:16 GMT+05:30 2019
2020-Feb-13 23:50:57 PM [main] INFO  ESPoTLogger -  source location: Templates\DeckerGrouperTemplate.zip
2020-Feb-13 23:50:57 PM [main] INFO  ESPoTLogger - ESPoTServerOrchestrator started2 - logging set to info
2020-Feb-13 23:51:12 PM [main] INFO  ESPoTLogger -  setLaterUpdateElements. uptd Tm: 20170923030716
2020-Feb-13 23:51:12 PM [main] INFO  ESPoTLogger -  current tm: Thu Jul 25 03:07:16 GMT+05:30 2019
2020-Feb-13 23:51:12 PM [main] INFO  ESPoTLogger -  source location: Templates\DefaultDocTestDownload.docx
2020-Feb-13 23:51:12 PM [main] INFO  ESPoTLogger -  setLaterUpdateElements. uptd Tm: 20170923030717
2020-Feb-13 23:51:12 PM [main] INFO  ESPoTLogger -  current tm: Thu Jul 25 03:07:16 GMT+05:30 2019
2020-Feb-13 23:51:12 PM [main] INFO  ESPoTLogger -  source location: Config\dynamicJars\TestDownload.jar
2020-Feb-13 23:51:12 PM [main] INFO  ESPoTLogger -  setLaterUpdateElements. uptd Tm: 20180206010120
2020-Feb-13 23:51:12 PM [main] INFO  ESPoTLogger -  current tm: Thu Jul 25 03:07:16 GMT+05:30 2019
2020-Feb-13 23:51:12 PM [main] INFO  ESPoTLogger -  source location: SQLiteDB\SysDBDownloadFolder\sysdbfile
2020-Feb-13 23:51:12 PM [main] INFO  ESPoTLogger -  setLaterUpdateElements. uptd Tm: 20180207010119
2020-Feb-13 23:51:12 PM [main] INFO  ESPoTLogger -  current tm: Thu Jul 25 03:07:16 GMT+05:30 2019
2020-Feb-13 23:51:12 PM [main] INFO  ESPoTLogger -  source location: Templates\DeckerGrouperTemplate.zip
2020-Feb-13 23:51:12 PM [main] INFO  ESPoTLogger - ESPoTClientOrchestrator starting up - logging set to info
2020-Feb-13 23:51:12 PM [main] INFO  ESPoTLogger - ESPoTClientOrchestrator started2 - logging set to info
2020-Feb-13 23:51:16 PM [Thread-3] WARN  ESPoTLogger - AllTimeEntryOptionsRecs allocatedTasksAll size is 2
2020-Feb-13 23:51:16 PM [Thread-3] WARN  ESPoTLogger - getAllTimeEntryOptionsRecs timeShRollupAll size is 2
2020-Feb-13 23:51:37 PM [main] INFO  ESPoTLogger -  Catalog Display Started 
2020-Feb-13 23:58:53 PM [main] INFO  ESPoTLogger -  setLaterUpdateElements. uptd Tm: 20170923030716
2020-Feb-13 23:58:53 PM [main] INFO  ESPoTLogger -  current tm: Thu Jul 25 03:07:16 GMT+05:30 2019
2020-Feb-13 23:58:53 PM [main] INFO  ESPoTLogger -  source location: Templates\DefaultDocTestDownload.docx
2020-Feb-13 23:58:53 PM [main] INFO  ESPoTLogger -  setLaterUpdateElements. uptd Tm: 20170923030717
2020-Feb-13 23:58:53 PM [main] INFO  ESPoTLogger -  current tm: Thu Jul 25 03:07:16 GMT+05:30 2019
2020-Feb-13 23:58:53 PM [main] INFO  ESPoTLogger -  source location: Config\dynamicJars\TestDownload.jar
2020-Feb-13 23:58:53 PM [main] INFO  ESPoTLogger -  setLaterUpdateElements. uptd Tm: 20180206010120
2020-Feb-13 23:58:53 PM [main] INFO  ESPoTLogger -  current tm: Thu Jul 25 03:07:16 GMT+05:30 2019
2020-Feb-13 23:58:53 PM [main] INFO  ESPoTLogger -  source location: SQLiteDB\SysDBDownloadFolder\sysdbfile
2020-Feb-13 23:58:53 PM [main] INFO  ESPoTLogger -  setLaterUpdateElements. uptd Tm: 20180207010119
2020-Feb-13 23:58:53 PM [main] INFO  ESPoTLogger -  current tm: Thu Jul 25 03:07:16 GMT+05:30 2019
2020-Feb-13 23:58:53 PM [main] INFO  ESPoTLogger -  source location: Templates\DeckerGrouperTemplate.zip
2020-Feb-13 23:58:53 PM [main] INFO  ESPoTLogger - ESPoTClientOrchestrator starting up - logging set to info
2020-Feb-13 23:58:53 PM [main] INFO  ESPoTLogger - ESPoTClientOrchestrator started2 - logging set to info
2020-Feb-13 23:58:55 PM [Thread-3] WARN  ESPoTLogger - AllTimeEntryOptionsRecs allocatedTasksAll size is 2
2020-Feb-13 23:58:55 PM [Thread-3] WARN  ESPoTLogger - getAllTimeEntryOptionsRecs timeShRollupAll size is 2
2020-Feb-14 00:00:05 AM [main] INFO  ESPoTLogger -  Catalog Display Started 
2020-Feb-14 00:04:36 AM [main] INFO  ESPoTLogger -  setLaterUpdateElements. uptd Tm: 20170923030716
2020-Feb-14 00:04:36 AM [main] INFO  ESPoTLogger -  current tm: Thu Jul 25 03:07:16 GMT+05:30 2019
2020-Feb-14 00:04:36 AM [main] INFO  ESPoTLogger -  source location: Templates\DefaultDocTestDownload.docx
2020-Feb-14 00:04:36 AM [main] INFO  ESPoTLogger -  setLaterUpdateElements. uptd Tm: 20170923030717
2020-Feb-14 00:04:36 AM [main] INFO  ESPoTLogger -  current tm: Thu Jul 25 03:07:16 GMT+05:30 2019
2020-Feb-14 00:04:36 AM [main] INFO  ESPoTLogger -  source location: Config\dynamicJars\TestDownload.jar
2020-Feb-14 00:04:36 AM [main] INFO  ESPoTLogger -  setLaterUpdateElements. uptd Tm: 20180206010120
2020-Feb-14 00:04:36 AM [main] INFO  ESPoTLogger -  current tm: Thu Jul 25 03:07:16 GMT+05:30 2019
2020-Feb-14 00:04:36 AM [main] INFO  ESPoTLogger -  source location: SQLiteDB\SysDBDownloadFolder\sysdbfile
2020-Feb-14 00:04:36 AM [main] INFO  ESPoTLogger -  setLaterUpdateElements. uptd Tm: 20180207010119
2020-Feb-14 00:04:36 AM [main] INFO  ESPoTLogger -  current tm: Thu Jul 25 03:07:16 GMT+05:30 2019
2020-Feb-14 00:04:36 AM [main] INFO  ESPoTLogger -  source location: Templates\DeckerGrouperTemplate.zip
2020-Feb-14 00:04:36 AM [main] INFO  ESPoTLogger - ESPoTClientOrchestrator starting up - logging set to info
2020-Feb-14 00:04:37 AM [main] INFO  ESPoTLogger - ESPoTClientOrchestrator started2 - logging set to info
2020-Feb-14 00:04:39 AM [Thread-3] WARN  ESPoTLogger - AllTimeEntryOptionsRecs allocatedTasksAll size is 2
2020-Feb-14 00:04:39 AM [Thread-3] WARN  ESPoTLogger - getAllTimeEntryOptionsRecs timeShRollupAll size is 2
2020-Feb-14 00:14:40 AM [Thread-4] WARN  ESPoTLogger - AllTimeEntryOptionsRecs allocatedTasksAll size is 2
2020-Feb-14 00:14:40 AM [Thread-4] WARN  ESPoTLogger - getAllTimeEntryOptionsRecs timeShRollupAll size is 2
2020-Feb-14 00:14:50 AM [main] INFO  ESPoTLogger -  Catalog Display Started 
2020-Feb-14 00:15:08 AM [main] INFO  ESPoTLogger - addlCommonInit allocatedTasksAll size is 2
2020-Feb-14 00:15:24 AM [main] INFO  ESPoTLogger - addlCommonInit allocatedTasksAll size is 2
2020-Feb-14 18:02:23 PM [main] INFO  ESPoTLogger -  Catalog Display Started 
2020-Feb-14 18:04:55 PM [main] INFO  ESPoTLogger - addlCommonInit allocatedTasksAll size is 2
2020-Feb-14 18:04:55 PM [main] INFO  ESPoTLogger - addlCommonInit childAllocatdDrafts size is 1
2020-Feb-14 18:19:59 PM [main] INFO  ESPoTLogger -  Catalog Display Started 
2020-Feb-14 18:24:00 PM [main] INFO  ESPoTLogger - addlCommonInit allocatedTasksAll size is 2
2020-Feb-14 18:25:20 PM [main] INFO  ESPoTLogger - addlCommonInit childAllocatdDrafts size is 1
2020-Feb-14 18:30:42 PM [main] INFO  ESPoTLogger - addlCommonInit allocatedTasksAll size is 2
2020-Feb-14 18:30:43 PM [main] INFO  ESPoTLogger - addlCommonInit childAllocatdDrafts size is 1
2020-Feb-14 18:35:49 PM [main] INFO  ESPoTLogger -  Catalog Display Started 
2020-Feb-14 18:36:01 PM [main] INFO  ESPoTLogger - addlCommonInit allocatedTasksAll size is 2
2020-Feb-14 18:36:01 PM [main] INFO  ESPoTLogger - addlCommonInit childAllocatdDrafts size is 1
2020-Feb-14 18:41:26 PM [main] INFO  ESPoTLogger -  Catalog Display Started 
2020-Feb-14 18:41:41 PM [main] INFO  ESPoTLogger - addlCommonInit allocatedTasksAll size is 2
2020-Feb-14 18:41:41 PM [main] INFO  ESPoTLogger - addlCommonInit childAllocatdDrafts size is 1
2020-Feb-14 18:42:59 PM [main] INFO  ESPoTLogger -  Catalog Display Started 
2020-Feb-14 18:43:16 PM [main] INFO  ESPoTLogger - addlCommonInit allocatedTasksAll size is 2
2020-Feb-14 18:43:16 PM [main] INFO  ESPoTLogger - addlCommonInit childAllocatdDrafts size is 1
2020-Feb-14 18:45:18 PM [main] INFO  ESPoTLogger -  Catalog Display Started 
2020-Feb-14 18:45:27 PM [main] INFO  ESPoTLogger - addlCommonInit allocatedTasksAll size is 2
2020-Feb-14 18:45:27 PM [main] INFO  ESPoTLogger - addlCommonInit childAllocatdDrafts size is 1
2020-Feb-15 00:31:33 AM [main] INFO  ESPoTLogger -  Catalog Display Started 
2020-Feb-15 00:31:47 AM [main] INFO  ESPoTLogger - addlCommonInit allocatedTasksAll size is 2
2020-Feb-15 00:31:47 AM [main] INFO  ESPoTLogger - addlCommonInit childAllocatdDrafts size is 1
2020-Feb-15 00:33:36 AM [main] INFO  ESPoTLogger -  Catalog Display Started 
2020-Feb-15 00:33:45 AM [main] INFO  ESPoTLogger - addlCommonInit allocatedTasksAll size is 2
2020-Feb-15 00:33:45 AM [main] INFO  ESPoTLogger - addlCommonInit childAllocatdDrafts size is 1
2020-Feb-15 00:34:05 AM [main] INFO  ESPoTLogger -  Catalog Display Started 
2020-Feb-15 00:34:14 AM [main] INFO  ESPoTLogger - addlCommonInit allocatedTasksAll size is 2
2020-Feb-15 00:34:14 AM [main] INFO  ESPoTLogger - addlCommonInit childAllocatdDrafts size is 1
2020-Feb-15 00:35:45 AM [main] INFO  ESPoTLogger -  Catalog Display Started 
2020-Feb-15 00:35:56 AM [main] INFO  ESPoTLogger - addlCommonInit allocatedTasksAll size is 2
2020-Feb-15 00:35:56 AM [main] INFO  ESPoTLogger - addlCommonInit childAllocatdDrafts size is 1
2020-Feb-15 23:58:31 PM [main] INFO  ESPoTLogger -  Catalog Display Started 
2020-Feb-15 23:58:40 PM [main] INFO  ESPoTLogger - addlCommonInit allocatedTasksAll size is 2
2020-Feb-15 23:58:40 PM [main] INFO  ESPoTLogger - addlCommonInit childAllocatdDrafts size is 1
2020-Feb-16 00:03:21 AM [main] INFO  ESPoTLogger -  Catalog Display Started 
2020-Feb-16 00:03:33 AM [main] INFO  ESPoTLogger - addlCommonInit allocatedTasksAll size is 2
2020-Feb-16 00:03:33 AM [main] INFO  ESPoTLogger - addlCommonInit childAllocatdDrafts size is 1
2020-Feb-16 00:05:19 AM [main] INFO  ESPoTLogger -  setLaterUpdateElements. uptd Tm: 20170923030716
2020-Feb-16 00:05:19 AM [main] INFO  ESPoTLogger -  current tm: Thu Jul 25 03:07:16 GMT+05:30 2019
2020-Feb-16 00:05:19 AM [main] INFO  ESPoTLogger -  source location: Templates\DefaultDocTestDownload.docx
2020-Feb-16 00:05:19 AM [main] INFO  ESPoTLogger -  setLaterUpdateElements. uptd Tm: 20170923030717
2020-Feb-16 00:05:19 AM [main] INFO  ESPoTLogger -  current tm: Thu Jul 25 03:07:16 GMT+05:30 2019
2020-Feb-16 00:05:19 AM [main] INFO  ESPoTLogger -  source location: Config\dynamicJars\TestDownload.jar
2020-Feb-16 00:05:19 AM [main] INFO  ESPoTLogger -  setLaterUpdateElements. uptd Tm: 20180206010120
2020-Feb-16 00:05:19 AM [main] INFO  ESPoTLogger -  current tm: Thu Jul 25 03:07:16 GMT+05:30 2019
2020-Feb-16 00:05:19 AM [main] INFO  ESPoTLogger -  source location: SQLiteDB\SysDBDownloadFolder\sysdbfile
2020-Feb-16 00:05:19 AM [main] INFO  ESPoTLogger -  setLaterUpdateElements. uptd Tm: 20180207010119
2020-Feb-16 00:05:19 AM [main] INFO  ESPoTLogger -  current tm: Thu Jul 25 03:07:16 GMT+05:30 2019
2020-Feb-16 00:05:19 AM [main] INFO  ESPoTLogger -  source location: Templates\DeckerGrouperTemplate.zip
2020-Feb-16 00:05:19 AM [main] INFO  ESPoTLogger - ESPoTClientOrchestrator starting up - logging set to info
2020-Feb-16 00:05:19 AM [main] INFO  ESPoTLogger - ESPoTClientOrchestrator started2 - logging set to info
2020-Feb-16 00:05:22 AM [Thread-3] WARN  ESPoTLogger - AllTimeEntryOptionsRecs allocatedTasksAll size is 2
2020-Feb-16 00:05:22 AM [Thread-3] WARN  ESPoTLogger - getAllTimeEntryOptionsRecs timeShRollupAll size is 2
2020-Feb-16 20:00:37 PM [main] INFO  ESPoTLogger -  Catalog Display Started 
2020-Feb-16 20:05:56 PM [main] INFO  ESPoTLogger -  setLaterUpdateElements. uptd Tm: 20170923030716
2020-Feb-16 20:05:56 PM [main] INFO  ESPoTLogger -  current tm: Thu Jul 25 03:07:16 GMT+05:30 2019
2020-Feb-16 20:05:56 PM [main] INFO  ESPoTLogger -  source location: Templates\DefaultDocTestDownload.docx
2020-Feb-16 20:05:56 PM [main] INFO  ESPoTLogger -  setLaterUpdateElements. uptd Tm: 20170923030717
2020-Feb-16 20:05:56 PM [main] INFO  ESPoTLogger -  current tm: Thu Jul 25 03:07:16 GMT+05:30 2019
2020-Feb-16 20:05:56 PM [main] INFO  ESPoTLogger -  source location: Config\dynamicJars\TestDownload.jar
2020-Feb-16 20:05:56 PM [main] INFO  ESPoTLogger -  setLaterUpdateElements. uptd Tm: 20180206010120
2020-Feb-16 20:05:56 PM [main] INFO  ESPoTLogger -  current tm: Thu Jul 25 03:07:16 GMT+05:30 2019
2020-Feb-16 20:05:56 PM [main] INFO  ESPoTLogger -  source location: SQLiteDB\SysDBDownloadFolder\sysdbfile
2020-Feb-16 20:05:56 PM [main] INFO  ESPoTLogger -  setLaterUpdateElements. uptd Tm: 20180207010119
2020-Feb-16 20:05:56 PM [main] INFO  ESPoTLogger -  current tm: Thu Jul 25 03:07:16 GMT+05:30 2019
2020-Feb-16 20:05:56 PM [main] INFO  ESPoTLogger -  source location: Templates\DeckerGrouperTemplate.zip
2020-Feb-16 20:05:56 PM [main] INFO  ESPoTLogger - ESPoTClientOrchestrator starting up - logging set to info
2020-Feb-16 20:05:56 PM [main] INFO  ESPoTLogger - ESPoTClientOrchestrator started2 - logging set to info
2020-Feb-16 20:05:59 PM [Thread-3] WARN  ESPoTLogger - AllTimeEntryOptionsRecs allocatedTasksAll size is 2
2020-Feb-16 20:05:59 PM [Thread-3] WARN  ESPoTLogger - getAllTimeEntryOptionsRecs timeShRollupAll size is 2
2020-Feb-16 20:06:18 PM [main] INFO  ESPoTLogger - ESPoTServerOrchestrator starting up - logging set to info
2020-Feb-16 20:06:18 PM [main] INFO  ESPoTLogger -  setLaterUpdateElements. uptd Tm: 20170923030716
2020-Feb-16 20:06:18 PM [main] INFO  ESPoTLogger -  current tm: Thu Jul 25 03:07:16 GMT+05:30 2019
2020-Feb-16 20:06:18 PM [main] INFO  ESPoTLogger -  source location: Templates\DefaultDocTestDownload.docx
2020-Feb-16 20:06:18 PM [main] INFO  ESPoTLogger -  setLaterUpdateElements. uptd Tm: 20170923030717
2020-Feb-16 20:06:18 PM [main] INFO  ESPoTLogger -  current tm: Thu Jul 25 03:07:16 GMT+05:30 2019
2020-Feb-16 20:06:18 PM [main] INFO  ESPoTLogger -  source location: Config\dynamicJars\TestDownload.jar
2020-Feb-16 20:06:18 PM [main] INFO  ESPoTLogger -  setLaterUpdateElements. uptd Tm: 20180206010120
2020-Feb-16 20:06:18 PM [main] INFO  ESPoTLogger -  current tm: Thu Jul 25 03:07:16 GMT+05:30 2019
2020-Feb-16 20:06:18 PM [main] INFO  ESPoTLogger -  source location: SQLiteDB\SysDBDownloadFolder\sysdbfile
2020-Feb-16 20:06:18 PM [main] INFO  ESPoTLogger -  setLaterUpdateElements. uptd Tm: 20180207010119
2020-Feb-16 20:06:18 PM [main] INFO  ESPoTLogger -  current tm: Thu Jul 25 03:07:16 GMT+05:30 2019
2020-Feb-16 20:06:18 PM [main] INFO  ESPoTLogger -  source location: Templates\DeckerGrouperTemplate.zip
2020-Feb-16 20:06:18 PM [main] INFO  ESPoTLogger - ESPoTServerOrchestrator started2 - logging set to info
2020-Feb-17 23:35:48 PM [main] INFO  ESPoTLogger -  Catalog Display Started 
2020-Feb-17 23:36:05 PM [main] INFO  ESPoTLogger -  setLaterUpdateElements. uptd Tm: 20170923030716
2020-Feb-17 23:36:05 PM [main] INFO  ESPoTLogger -  current tm: Thu Jul 25 03:07:16 GMT+05:30 2019
2020-Feb-17 23:36:05 PM [main] INFO  ESPoTLogger -  source location: Templates\DefaultDocTestDownload.docx
2020-Feb-17 23:36:05 PM [main] INFO  ESPoTLogger -  setLaterUpdateElements. uptd Tm: 20170923030717
2020-Feb-17 23:36:05 PM [main] INFO  ESPoTLogger -  current tm: Thu Jul 25 03:07:16 GMT+05:30 2019
2020-Feb-17 23:36:05 PM [main] INFO  ESPoTLogger -  source location: Config\dynamicJars\TestDownload.jar
2020-Feb-17 23:36:05 PM [main] INFO  ESPoTLogger -  setLaterUpdateElements. uptd Tm: 20180206010120
2020-Feb-17 23:36:05 PM [main] INFO  ESPoTLogger -  current tm: Thu Jul 25 03:07:16 GMT+05:30 2019
2020-Feb-17 23:36:05 PM [main] INFO  ESPoTLogger -  source location: SQLiteDB\SysDBDownloadFolder\sysdbfile
2020-Feb-17 23:36:05 PM [main] INFO  ESPoTLogger -  setLaterUpdateElements. uptd Tm: 20180207010119
2020-Feb-17 23:36:05 PM [main] INFO  ESPoTLogger -  current tm: Thu Jul 25 03:07:16 GMT+05:30 2019
2020-Feb-17 23:36:05 PM [main] INFO  ESPoTLogger -  source location: Templates\DeckerGrouperTemplate.zip
2020-Feb-17 23:36:05 PM [main] INFO  ESPoTLogger - ESPoTClientOrchestrator starting up - logging set to info
2020-Feb-17 23:36:05 PM [main] INFO  ESPoTLogger - ESPoTClientOrchestrator started2 - logging set to info
2020-Feb-17 23:36:08 PM [Thread-3] WARN  ESPoTLogger - AllTimeEntryOptionsRecs allocatedTasksAll size is 3
2020-Feb-17 23:36:08 PM [Thread-3] WARN  ESPoTLogger - getAllTimeEntryOptionsRecs timeShRollupAll size is 2
2020-Feb-17 23:36:31 PM [main] INFO  ESPoTLogger -  Catalog Display Started 
2020-Feb-17 23:40:20 PM [main] INFO  ESPoTLogger -  Catalog Display Started 
2020-Feb-17 23:42:02 PM [main] INFO  ESPoTLogger -  Catalog Display Started 
2020-Feb-17 23:43:24 PM [main] INFO  ESPoTLogger - Selection error
2020-Feb-18 22:52:54 PM [main] INFO  ESPoTLogger -  Catalog Display Started 
2020-Feb-18 22:58:47 PM [main] INFO  ESPoTLogger -  Catalog Display Started 
2020-Feb-18 23:40:15 PM [main] INFO  ESPoTLogger -  Catalog Display Started 
2020-Feb-18 23:47:59 PM [main] INFO  ESPoTLogger -  Catalog Display Started 
2020-Feb-18 23:51:47 PM [main] INFO  ESPoTLogger -  Catalog Display Started 
2020-Feb-19 00:12:06 AM [main] INFO  ESPoTLogger -  Catalog Display Started 
2020-Feb-19 00:13:01 AM [main] INFO  ESPoTLogger - Selection error
2020-Feb-19 00:31:38 AM [main] INFO  ESPoTLogger -  Catalog Display Started 
